\BOOKMARK [-1][]{ctitle.-1}{基于化学反应的多功能光子晶体体系的研究}{}% 1
\BOOKMARK [0][]{thuchapter.1.0}{摘 要}{ctitle.-1}% 2
\BOOKMARK [0][]{thuchapter.2.0}{Abstract}{ctitle.-1}% 3
\BOOKMARK [0][]{thuchapter.3.0}{目 录}{ctitle.-1}% 4
\BOOKMARK [0][]{chapter.1}{第 1 章 引言}{ctitle.-1}% 5
\BOOKMARK [1][-]{section.1.1}{1.1 光子晶体简介}{chapter.1}% 6
\BOOKMARK [2][-]{subsection.1.1.1}{1.1.1 三维光子晶体及其性质}{section.1.1}% 7
\BOOKMARK [2][-]{subsection.1.1.2}{1.1.2 三维光子晶体的制备方法}{section.1.1}% 8
\BOOKMARK [1][-]{section.1.2}{1.2 光子晶体在传感方面的应用}{chapter.1}% 9
\BOOKMARK [2][-]{subsection.1.2.1}{1.2.1 基于响应性高分子的三维光子晶体材料}{section.1.2}% 10
\BOOKMARK [2][-]{subsection.1.2.2}{1.2.2 基于分子印迹的三维光子晶体材料}{section.1.2}% 11
\BOOKMARK [2][-]{subsection.1.2.3}{1.2.3 基于化学反应的三维光子晶体材料}{section.1.2}% 12
\BOOKMARK [1][-]{section.1.3}{1.3 多层次光子晶体的制备与研究}{chapter.1}% 13
\BOOKMARK [2][-]{subsection.1.3.1}{1.3.1 基于基质膨胀的光子晶体层次化技术}{section.1.3}% 14
\BOOKMARK [2][-]{subsection.1.3.2}{1.3.2 基于刻蚀的光子晶体层次化技术}{section.1.3}% 15
\BOOKMARK [2][-]{subsection.1.3.3}{1.3.3 基于喷墨打印的光子晶体层次化技术}{section.1.3}% 16
\BOOKMARK [2][-]{subsection.1.3.4}{1.3.4 基于电磁场的光子晶体层次化技术}{section.1.3}% 17
\BOOKMARK [2][-]{subsection.1.3.5}{1.3.5 反蛋白石结构上层次化技术}{section.1.3}% 18
\BOOKMARK [1][-]{section.1.4}{1.4 本文的主要研究内容与贡献}{chapter.1}% 19
\BOOKMARK [2][-]{subsection.1.4.1}{1.4.1 本文研究的目标与意义}{section.1.4}% 20
\BOOKMARK [2][-]{subsection.1.4.2}{1.4.2 本论文的结构}{section.1.4}% 21
\BOOKMARK [0][]{chapter.2}{第 2 章 SiO2胶体晶体模板制备}{ctitle.-1}% 22
\BOOKMARK [1][-]{section.2.1}{2.1 引言}{chapter.2}% 23
\BOOKMARK [1][-]{section.2.2}{2.2 实验部分}{chapter.2}% 24
\BOOKMARK [2][-]{subsection.2.2.1}{2.2.1 实验材料与仪器}{section.2.2}% 25
\BOOKMARK [2][-]{subsection.2.2.2}{2.2.2 Stöber法生长SiO2胶体颗粒的探究}{section.2.2}% 26
\BOOKMARK [2][-]{subsection.2.2.3}{2.2.3 溶剂挥发诱导自组装制备SiO2光子晶体模板}{section.2.2}% 27
\BOOKMARK [2][-]{subsection.2.2.4}{2.2.4 逐层堆积（LbL）法制备SiO2光子晶体模板}{section.2.2}% 28
\BOOKMARK [2][-]{subsection.2.2.5}{2.2.5 微流控液滴法制备SiO2光子晶体模板}{section.2.2}% 29
\BOOKMARK [1][-]{section.2.3}{2.3 本章小结}{chapter.2}% 30
\BOOKMARK [0][]{chapter.3}{第 3 章 基于马来酰亚胺的光子晶体乙酰胆碱酯酶活性检测的研究}{ctitle.-1}% 31
\BOOKMARK [1][-]{section.3.1}{3.1 引言}{chapter.3}% 32
\BOOKMARK [1][-]{section.3.2}{3.2 实验部分}{chapter.3}% 33
\BOOKMARK [2][-]{subsection.3.2.1}{3.2.1 实验材料与仪器}{section.3.2}% 34
\BOOKMARK [2][-]{subsection.3.2.2}{3.2.2 含马来酰亚胺的丙烯酸酯功能单体合成}{section.3.2}% 35
\BOOKMARK [2][-]{subsection.3.2.3}{3.2.3 含马来酰亚胺反蛋白石光子晶体功能材料的制备}{section.3.2}% 36
\BOOKMARK [2][-]{subsection.3.2.4}{3.2.4 含马来酰亚胺光子晶体对AChE的响应检测}{section.3.2}% 37
\BOOKMARK [1][-]{section.3.3}{3.3 结果与讨论}{chapter.3}% 38
\BOOKMARK [2][-]{subsection.3.3.1}{3.3.1 含马来酰亚胺聚合物反蛋白石光子晶体的表征}{section.3.3}% 39
\BOOKMARK [2][-]{subsection.3.3.2}{3.3.2 光子晶体平台对AChE的检测性能}{section.3.3}% 40
\BOOKMARK [2][-]{subsection.3.3.3}{3.3.3 光子晶体平台对AChE酶动力学特性的检测}{section.3.3}% 41
\BOOKMARK [2][-]{subsection.3.3.4}{3.3.4 光子晶体平台对AChE抑制剂的筛选应用}{section.3.3}% 42
\BOOKMARK [1][-]{section.3.4}{3.4 本章小结}{chapter.3}% 43
\BOOKMARK [0][]{chapter.4}{第 4 章 基于光敏高分子的三维光子晶体图案化的研究}{ctitle.-1}% 44
\BOOKMARK [1][-]{section.4.1}{4.1 引言}{chapter.4}% 45
\BOOKMARK [1][-]{section.4.2}{4.2 实验部分}{chapter.4}% 46
\BOOKMARK [2][-]{subsection.4.2.1}{4.2.1 实验材料与仪器}{section.4.2}% 47
\BOOKMARK [2][-]{subsection.4.2.2}{4.2.2 相关化合物的合成}{section.4.2}% 48
\BOOKMARK [2][-]{subsection.4.2.3}{4.2.3 基于光敏高分子的反蛋白石光子晶体功能材料的制备}{section.4.2}% 49
\BOOKMARK [2][-]{subsection.4.2.4}{4.2.4 光敏高分子材料的表征}{section.4.2}% 50
\BOOKMARK [1][-]{section.4.3}{4.3 结果与讨论}{chapter.4}% 51
\BOOKMARK [2][-]{subsection.4.3.1}{4.3.1 基于NVOC光敏高分子的光子晶体表征}{section.4.3}% 52
\BOOKMARK [2][-]{subsection.4.3.2}{4.3.2 三维光子晶体的亲疏水梯度图案制备}{section.4.3}% 53
\BOOKMARK [2][-]{subsection.4.3.3}{4.3.3 三维光子晶体的动态图案制备}{section.4.3}% 54
\BOOKMARK [1][-]{section.4.4}{4.4 本章小结}{chapter.4}% 55
\BOOKMARK [0][]{chapter.5}{第 5 章 基于刻蚀-反应的光子晶体微球功能体系的研究}{ctitle.-1}% 56
\BOOKMARK [1][-]{section.5.1}{5.1 引言}{chapter.5}% 57
\BOOKMARK [1][-]{section.5.2}{5.2 实验部分}{chapter.5}% 58
\BOOKMARK [2][-]{subsection.5.2.1}{5.2.1 实验材料与仪器}{section.5.2}% 59
\BOOKMARK [2][-]{subsection.5.2.2}{5.2.2 相关化合物的合成}{section.5.2}% 60
\BOOKMARK [2][-]{subsection.5.2.3}{5.2.3 利用刻蚀-反应法制备具有空间化学复杂度的光子晶体微球方法}{section.5.2}% 61
\BOOKMARK [2][-]{subsection.5.2.4}{5.2.4 光子晶体微球内三维亲疏水梯度结构的制备}{section.5.2}% 62
\BOOKMARK [2][-]{subsection.5.2.5}{5.2.5 具有正交化学活性的光子晶体微球的制备}{section.5.2}% 63
\BOOKMARK [2][-]{subsection.5.2.6}{5.2.6 光子晶体微球级联反应体系的制备}{section.5.2}% 64
\BOOKMARK [1][-]{section.5.3}{5.3 结果与讨论}{chapter.5}% 65
\BOOKMARK [2][-]{subsection.5.3.1}{5.3.1 刻蚀-反应法制备多层结构光子晶体微球的表征}{section.5.3}% 66
\BOOKMARK [2][-]{subsection.5.3.2}{5.3.2 具有三维亲疏水梯度的光子晶体微球材料及其表征}{section.5.3}% 67
\BOOKMARK [2][-]{subsection.5.3.3}{5.3.3 具有正交化学活性的光子晶体微球材料及其表征}{section.5.3}% 68
\BOOKMARK [2][-]{subsection.5.3.4}{5.3.4 级联反应的光子晶体微球材料及其表征}{section.5.3}% 69
\BOOKMARK [1][-]{section.5.4}{5.4 本章小结}{chapter.5}% 70
\BOOKMARK [0][]{chapter.6}{第 6 章 总结与展望}{ctitle.-1}% 71
\BOOKMARK [1][-]{section.6.1}{6.1 本文总结}{chapter.6}% 72
\BOOKMARK [1][-]{section.6.2}{6.2 展望}{chapter.6}% 73
\BOOKMARK [0][]{section*.80}{参考文献}{ctitle.-1}% 74
\BOOKMARK [0][]{section*.82}{致 谢}{ctitle.-1}% 75
\BOOKMARK [0][]{section*.84}{声 明}{ctitle.-1}% 76
\BOOKMARK [0][]{section*.85}{个人简历、在学期间发表的学术论文与研究成果}{ctitle.-1}% 77
